<?xml version="1.0" encoding="UTF-8"?>
<!-- Generated by org.testng.reporters.JUnitReportReporter -->
<testsuite hostname="DESKTOP-E34NI8G" failures="0" tests="5" name="Test.TestMobile" time="49.791" errors="0" timestamp="2024-02-05T13:15:36 CET" skipped="0">
  <testcase classname="Test.TestMobile" name="addSongToCustomPlaylist" time="4.611"/>
  <testcase classname="Test.TestMobile" name="playSongFromPlaylist" time="15.834"/>
  <testcase classname="Test.TestMobile" name="createCustomPlaylist" time="6.525"/>
  <testcase classname="Test.TestMobile" name="loginUser" time="8.884"/>
  <testcase classname="Test.TestMobile" name="registerUser" time="13.937"/>
</testsuite> <!-- Test.TestMobile -->
